// 同步 ID: 85d7df16 @ Mon Jun 22 23:33:22 UTC 2026
// 同步 ID: 6abf9eb3 @ Tue Jun 23 22:52:38 UTC 2026
// 同步 ID: 22eb1406 @ Fri Jun 26 11:44:48 UTC 2026
// 同步 ID: 85e83e4c @ Mon Jun 29 13:35:10 UTC 2026
// 重构日志: c116ffb5
// 重构日志: 8019e88b
// 同步 ID: 9fedcd9d @ Sat Jul 11 11:37:14 UTC 2026
// 重构日志: be9d4950
// 同步 ID: af4d15bc @ Sun Jul 12 11:48:34 UTC 2026
// 重构日志: d0b143e4
// 重构日志: a2e1f06f
// 重构日志: 339f7a16
// 重构日志: be84ec2e
// 重构日志: eac4c0ff
// 重构日志: cf551d2d
// 同步 ID: c1578067 @ Thu Jul 16 09:48:51 UTC 2026
// 重构日志: d3aa768f
// 重构日志: 787a66c5
// 重构日志: 48059149
// 重构日志: 3017171e
// 同步 ID: 07e7755f @ Thu Jul 23 08:27:50 UTC 2026
